<?xml version="1.0" encoding="UTF-8"?>
<testng-results ignored="0" total="1" passed="1" failed="0" skipped="0">
  <reporter-output>
  </reporter-output>
  <suite started-at="2023-12-19T23:31:53 IST" name="Default suite" finished-at="2023-12-19T23:31:54 IST" duration-ms="1607">
    <groups>
    </groups>
    <test started-at="2023-12-19T23:31:53 IST" name="Default test" finished-at="2023-12-19T23:31:54 IST" duration-ms="1607">
      <class name="day7.Authentication">
        <test-method signature="test_OAuth1()[pri:0, instance:day7.Authentication@3ce1e309]" started-at="2023-12-19T23:31:53 IST" name="test_OAuth1" finished-at="2023-12-19T23:31:54 IST" duration-ms="1435" status="PASS">
          <reporter-output>
          </reporter-output>
        </test-method> <!-- test_OAuth1 -->
      </class> <!-- day7.Authentication -->
    </test> <!-- Default test -->
  </suite> <!-- Default suite -->
</testng-results>
